<?xml version="1.0" encoding="UTF-8"?>
<!-- Generated by org.testng.reporters.JUnitReportReporter -->
<testsuite hostname="DESKTOP-U2B56QP" failures="0" tests="1" name="softwares.RunnerScript" time="17.153" errors="0" timestamp="2023-12-13T17:42:36 IST" skipped="0">
  <testcase classname="softwares.RunnerScript" name="validLogin" time="17.153"/>
</testsuite> <!-- softwares.RunnerScript -->
